<?xml version="1.0" encoding="UTF-8"?>
<testsuite xmlns:xsi="http://www.w3.org/2001/XMLSchema-instance" xsi:noNamespaceSchemaLocation="https://maven.apache.org/surefire/maven-surefire-plugin/xsd/surefire-test-report.xsd" name="com.cyberark.conjur.mulesoft.internal.ConjurMuleOperationsTest" time="0.073" tests="4" errors="0" skipped="0" failures="0">
  <properties>
    <property name="gopherProxySet" value="false"/>
    <property name="awt.toolkit" value="sun.lwawt.macosx.LWCToolkit"/>
    <property name="file.encoding.pkg" value="sun.io"/>
    <property name="java.specification.version" value="1.8"/>
    <property name="sun.cpu.isalist" value=""/>
    <property name="sun.jnu.encoding" value="UTF-8"/>
    <property name="java.class.path" value="/Applications/ConjurMuleSoftConnectorLatest/conjur-mulesoft-connector/target/test-classes:/Applications/ConjurMuleSoftConnectorLatest/conjur-mulesoft-connector/target/classes:/Users/Jaleela.FaizurRahman/.m2/repository/com/cyberark/conjur-sdk-java/4.1.0/conjur-sdk-java-4.1.0.jar:/Users/Jaleela.FaizurRahman/.m2/repository/io/swagger/swagger-annotations/1.5.24/swagger-annotations-1.5.24.jar:/Users/Jaleela.FaizurRahman/.m2/repository/com/google/code/findbugs/jsr305/3.0.2/jsr305-3.0.2.jar:/Users/Jaleela.FaizurRahman/.m2/repository/com/squareup/okhttp3/logging-interceptor/4.10.0/logging-interceptor-4.10.0.jar:/Users/Jaleela.FaizurRahman/.m2/repository/org/jetbrains/kotlin/kotlin-stdlib-jdk8/1.6.10/kotlin-stdlib-jdk8-1.6.10.jar:/Users/Jaleela.FaizurRahman/.m2/repository/org/jetbrains/kotlin/kotlin-stdlib-jdk7/1.6.10/kotlin-stdlib-jdk7-1.6.10.jar:/Users/Jaleela.FaizurRahman/.m2/repository/com/google/code/gson/gson/2.9.0/gson-2.9.0.jar:/Users/Jaleela.FaizurRahman/.m2/repository/org/apache/commons/commons-lang3/3.12.0/commons-lang3-3.12.0.jar:/Users/Jaleela.FaizurRahman/.m2/repository/org/threeten/threetenbp/1.6.0/threetenbp-1.6.0.jar:/Users/Jaleela.FaizurRahman/.m2/repository/javax/annotation/javax.annotation-api/1.3.2/javax.annotation-api-1.3.2.jar:/Users/Jaleela.FaizurRahman/.m2/repository/com/squareup/okhttp3/okhttp/4.10.0/okhttp-4.10.0.jar:/Users/Jaleela.FaizurRahman/.m2/repository/com/squareup/okio/okio-jvm/3.0.0/okio-jvm-3.0.0.jar:/Users/Jaleela.FaizurRahman/.m2/repository/org/jetbrains/kotlin/kotlin-stdlib-common/1.5.31/kotlin-stdlib-common-1.5.31.jar:/Users/Jaleela.FaizurRahman/.m2/repository/org/jetbrains/kotlin/kotlin-stdlib/1.6.20/kotlin-stdlib-1.6.20.jar:/Users/Jaleela.FaizurRahman/.m2/repository/org/jetbrains/annotations/13.0/annotations-13.0.jar:/Users/Jaleela.FaizurRahman/.m2/repository/junit/junit/4.13.2/junit-4.13.2.jar:/Users/Jaleela.FaizurRahman/.m2/repository/org/hamcrest/hamcrest-core/1.3/hamcrest-core-1.3.jar:/Users/Jaleela.FaizurRahman/.m2/repository/org/mockito/mockito-inline/3.11.2/mockito-inline-3.11.2.jar:/Users/Jaleela.FaizurRahman/.m2/repository/org/mockito/mockito-core/3.11.2/mockito-core-3.11.2.jar:/Users/Jaleela.FaizurRahman/.m2/repository/net/bytebuddy/byte-buddy/1.11.3/byte-buddy-1.11.3.jar:/Users/Jaleela.FaizurRahman/.m2/repository/net/bytebuddy/byte-buddy-agent/1.11.3/byte-buddy-agent-1.11.3.jar:/Users/Jaleela.FaizurRahman/.m2/repository/org/objenesis/objenesis/3.2/objenesis-3.2.jar:/Users/Jaleela.FaizurRahman/.m2/repository/org/apache/logging/log4j/log4j-api/2.11.2/log4j-api-2.11.2.jar:/Users/Jaleela.FaizurRahman/.m2/repository/org/apache/logging/log4j/log4j-core/2.11.2/log4j-core-2.11.2.jar:/Users/Jaleela.FaizurRahman/.m2/repository/org/mule/connectors/mule-http-connector/1.7.3/mule-http-connector-1.7.3-mule-plugin.jar:/Users/Jaleela.FaizurRahman/.m2/repository/org/mule/connectors/mule-sockets-connector/1.2.2/mule-sockets-connector-1.2.2-mule-plugin.jar:/Users/Jaleela.FaizurRahman/.m2/repository/org/mule/sdk/mule-sdk-api/0.3.0/mule-sdk-api-0.3.0.jar:/Users/Jaleela.FaizurRahman/.m2/repository/commons-io/commons-io/2.11.0/commons-io-2.11.0.jar:/Users/Jaleela.FaizurRahman/.m2/repository/org/mule/modules/mule-module-cors-kernel/1.1.2/mule-module-cors-kernel-1.1.2.jar:/Users/Jaleela.FaizurRahman/.m2/repository/com/mulesoft/modules/mule-secure-configuration-property-module/1.2.5/mule-secure-configuration-property-module-1.2.5-mule-plugin.jar:/Users/Jaleela.FaizurRahman/.m2/repository/org/mule/mule-encryption/1.2.1/mule-encryption-1.2.1.jar:/Users/Jaleela.FaizurRahman/.m2/repository/org/mule/runtime/mule-module-service/4.1.1/mule-module-service-4.1.1.jar:/Users/Jaleela.FaizurRahman/.m2/repository/org/mule/runtime/mule-core/4.1.1/mule-core-4.1.1.jar:/Users/Jaleela.FaizurRahman/.m2/repository/org/mule/runtime/mule-api/1.1.1/mule-api-1.1.1.jar:/Users/Jaleela.FaizurRahman/.m2/repository/org/mule/runtime/mule-metadata-model-api/1.1.1/mule-metadata-model-api-1.1.1.jar:/Users/Jaleela.FaizurRahman/.m2/repository/org/slf4j/slf4j-api/1.7.25/slf4j-api-1.7.25.jar:/Users/Jaleela.FaizurRahman/.m2/repository/org/mule/runtime/mule-artifact-declaration/1.1.1/mule-artifact-declaration-1.1.1.jar:/Users/Jaleela.FaizurRahman/.m2/repository/org/mule/runtime/api-annotations/1.0.1/api-annotations-1.0.1.jar:/Users/Jaleela.FaizurRahman/.m2/repository/org/mule/runtime/mule-module-dsl-api/1.1.1/mule-module-dsl-api-1.1.1.jar:/Users/Jaleela.FaizurRahman/.m2/repository/org/mule/runtime/mule-extensions-api/1.1.1/mule-extensions-api-1.1.1.jar:/Users/Jaleela.FaizurRahman/.m2/repository/org/reactivestreams/reactive-streams/1.0.2/reactive-streams-1.0.2.jar:/Users/Jaleela.FaizurRahman/.m2/repository/org/mule/runtime/mule-module-http-policy-api/1.1.1/mule-module-http-policy-api-1.1.1.jar:/Users/Jaleela.FaizurRahman/.m2/repository/org/mule/runtime/mule-module-policy-api/1.1.1/mule-module-policy-api-1.1.1.jar:/Users/Jaleela.FaizurRahman/.m2/repository/org/mule/runtime/mule-metadata-model-xml/1.1.1/mule-metadata-model-xml-1.1.1.jar:/Users/Jaleela.FaizurRahman/.m2/repository/org/apache/xmlbeans/xmlbeans/2.6.0/xmlbeans-2.6.0.jar:/Users/Jaleela.FaizurRahman/.m2/repository/org/mule/apache/xerces2-xsd11/2.11.3/xerces2-xsd11-2.11.3.jar:/Users/Jaleela.FaizurRahman/.m2/repository/org/mule/runtime/mule-metadata-model-java/1.1.1/mule-metadata-model-java-1.1.1.jar:/Users/Jaleela.FaizurRahman/.m2/repository/org/mule/runtime/mule-message-metadata-model/1.1.1/mule-message-metadata-model-1.1.1.jar:/Users/Jaleela.FaizurRahman/.m2/repository/org/mule/runtime/mule-metadata-model-json/1.1.1/mule-metadata-model-json-1.1.1.jar:/Users/Jaleela.FaizurRahman/.m2/repository/org/everit/json/org.everit.json.schema/1.5.0/org.everit.json.schema-1.5.0.jar:/Users/Jaleela.FaizurRahman/.m2/repository/org/json/json/20160810/json-20160810.jar:/Users/Jaleela.FaizurRahman/.m2/repository/commons-validator/commons-validator/1.5.1/commons-validator-1.5.1.jar:/Users/Jaleela.FaizurRahman/.m2/repository/commons-digester/commons-digester/1.8.1/commons-digester-1.8.1.jar:/Users/Jaleela.FaizurRahman/.m2/repository/commons-logging/commons-logging/1.2/commons-logging-1.2.jar:/Users/Jaleela.FaizurRahman/.m2/repository/commons-beanutils/commons-beanutils/1.9.3/commons-beanutils-1.9.3.jar:/Users/Jaleela.FaizurRahman/.m2/repository/com/github/stephenc/eaio-uuid/uuid/3.4.0/uuid-3.4.0.jar:/Users/Jaleela.FaizurRahman/.m2/repository/com/github/stephenc/eaio-grabbag/grabbag/1.8.1/grabbag-1.8.1.jar:/Users/Jaleela.FaizurRahman/.m2/repository/commons-cli/commons-cli/1.2/commons-cli-1.2.jar:/Users/Jaleela.FaizurRahman/.m2/repository/commons-collections/commons-collections/3.2.2/commons-collections-3.2.2.jar:/Users/Jaleela.FaizurRahman/.m2/repository/commons-pool/commons-pool/1.6/commons-pool-1.6.jar:/Users/Jaleela.FaizurRahman/.m2/repository/javax/transaction/javax.transaction-api/1.2/javax.transaction-api-1.2.jar:/Users/Jaleela.FaizurRahman/.m2/repository/org/apache/geronimo/specs/geronimo-j2ee-connector_1.5_spec/2.0.0/geronimo-j2ee-connector_1.5_spec-2.0.0.jar:/Users/Jaleela.FaizurRahman/.m2/repository/javax/inject/javax.inject/1/javax.inject-1.jar:/Users/Jaleela.FaizurRahman/.m2/repository/org/mule/mvel/mule-mvel2/2.1.9-MULE-015/mule-mvel2-2.1.9-MULE-015.jar:/Users/Jaleela.FaizurRahman/.m2/repository/org/jgrapht/jgrapht-jdk1.5/0.7.3/jgrapht-jdk1.5-0.7.3.jar:/Users/Jaleela.FaizurRahman/.m2/repository/com/google/guava/guava/23.5-jre/guava-23.5-jre.jar:/Users/Jaleela.FaizurRahman/.m2/repository/org/checkerframework/checker-qual/2.0.0/checker-qual-2.0.0.jar:/Users/Jaleela.FaizurRahman/.m2/repository/com/google/errorprone/error_prone_annotations/2.0.18/error_prone_annotations-2.0.18.jar:/Users/Jaleela.FaizurRahman/.m2/repository/com/google/j2objc/j2objc-annotations/1.1/j2objc-annotations-1.1.jar:/Users/Jaleela.FaizurRahman/.m2/repository/org/codehaus/mojo/animal-sniffer-annotations/1.14/animal-sniffer-annotations-1.14.jar:/Users/Jaleela.FaizurRahman/.m2/repository/org/reflections/reflections/0.9.10/reflections-0.9.10.jar:/Users/Jaleela.FaizurRahman/.m2/repository/org/mule/projectreactor/reactor-core/3.2.0.M1-MULE-001/reactor-core-3.2.0.M1-MULE-001.jar:/Users/Jaleela.FaizurRahman/.m2/repository/io/projectreactor/addons/reactor-extra/3.1.2.RELEASE/reactor-extra-3.1.2.RELEASE.jar:/Users/Jaleela.FaizurRahman/.m2/repository/org/yaml/snakeyaml/1.18/snakeyaml-1.18.jar:/Users/Jaleela.FaizurRahman/.m2/repository/cglib/cglib-nodep/3.2.5/cglib-nodep-3.2.5.jar:/Users/Jaleela.FaizurRahman/.m2/repository/org/apache/commons/commons-pool2/2.5.0/commons-pool2-2.5.0.jar:/Users/Jaleela.FaizurRahman/.m2/repository/javax/jms/javax.jms-api/2.0.1/javax.jms-api-2.0.1.jar:/Users/Jaleela.FaizurRahman/.m2/repository/org/mule/runtime/mule-module-container/4.1.1/mule-module-container-4.1.1.jar:/Users/Jaleela.FaizurRahman/.m2/repository/org/mule/runtime/mule-module-artifact/4.1.1/mule-module-artifact-4.1.1.jar:/Users/Jaleela.FaizurRahman/.m2/repository/com/vdurmont/semver4j/2.0.3/semver4j-2.0.3.jar:/Users/Jaleela.FaizurRahman/.m2/repository/org/eclipse/aether/aether-util/1.0.2.v20150114/aether-util-1.0.2.v20150114.jar:/Users/Jaleela.FaizurRahman/.m2/repository/org/eclipse/aether/aether-api/1.0.2.v20150114/aether-api-1.0.2.v20150114.jar:/Users/Jaleela.FaizurRahman/.m2/repository/org/mule/runtime/mule-module-deployment-model/4.1.1/mule-module-deployment-model-4.1.1.jar:/Users/Jaleela.FaizurRahman/.m2/repository/org/mule/runtime/mule-module-reboot/4.1.1/mule-module-reboot-4.1.1.jar:/Users/Jaleela.FaizurRahman/.m2/repository/tanukisoft/wrapper/3.2.3/wrapper-3.2.3.jar:/Users/Jaleela.FaizurRahman/.m2/repository/org/mule/tools/maven/mule-classloader-model/3.1.1/mule-classloader-model-3.1.1.jar:"/>
    <property name="java.vm.vendor" value="Oracle Corporation"/>
    <property name="sun.arch.data.model" value="64"/>
    <property name="java.vendor.url" value="http://java.oracle.com/"/>
    <property name="user.timezone" value=""/>
    <property name="user.country.format" value="IN"/>
    <property name="java.vm.specification.version" value="1.8"/>
    <property name="os.name" value="Mac OS X"/>
    <property name="user.country" value="GB"/>
    <property name="sun.java.launcher" value="SUN_STANDARD"/>
    <property name="sun.boot.library.path" value="/Library/Java/JavaVirtualMachines/jdk-1.8.jdk/Contents/Home/jre/lib"/>
    <property name="sun.java.command" value="/Applications/ConjurMuleSoftConnectorLatest/conjur-mulesoft-connector/target/surefire/surefirebooter580050341364956467.jar /Applications/ConjurMuleSoftConnectorLatest/conjur-mulesoft-connector/target/surefire 2023-11-09T13-39-15_969-jvmRun1 surefire4743845648954005665tmp surefire_04608236899862846107tmp"/>
    <property name="surefire.test.class.path" value="/Applications/ConjurMuleSoftConnectorLatest/conjur-mulesoft-connector/target/test-classes:/Applications/ConjurMuleSoftConnectorLatest/conjur-mulesoft-connector/target/classes:/Users/Jaleela.FaizurRahman/.m2/repository/com/cyberark/conjur-sdk-java/4.1.0/conjur-sdk-java-4.1.0.jar:/Users/Jaleela.FaizurRahman/.m2/repository/io/swagger/swagger-annotations/1.5.24/swagger-annotations-1.5.24.jar:/Users/Jaleela.FaizurRahman/.m2/repository/com/google/code/findbugs/jsr305/3.0.2/jsr305-3.0.2.jar:/Users/Jaleela.FaizurRahman/.m2/repository/com/squareup/okhttp3/logging-interceptor/4.10.0/logging-interceptor-4.10.0.jar:/Users/Jaleela.FaizurRahman/.m2/repository/org/jetbrains/kotlin/kotlin-stdlib-jdk8/1.6.10/kotlin-stdlib-jdk8-1.6.10.jar:/Users/Jaleela.FaizurRahman/.m2/repository/org/jetbrains/kotlin/kotlin-stdlib-jdk7/1.6.10/kotlin-stdlib-jdk7-1.6.10.jar:/Users/Jaleela.FaizurRahman/.m2/repository/com/google/code/gson/gson/2.9.0/gson-2.9.0.jar:/Users/Jaleela.FaizurRahman/.m2/repository/org/apache/commons/commons-lang3/3.12.0/commons-lang3-3.12.0.jar:/Users/Jaleela.FaizurRahman/.m2/repository/org/threeten/threetenbp/1.6.0/threetenbp-1.6.0.jar:/Users/Jaleela.FaizurRahman/.m2/repository/javax/annotation/javax.annotation-api/1.3.2/javax.annotation-api-1.3.2.jar:/Users/Jaleela.FaizurRahman/.m2/repository/com/squareup/okhttp3/okhttp/4.10.0/okhttp-4.10.0.jar:/Users/Jaleela.FaizurRahman/.m2/repository/com/squareup/okio/okio-jvm/3.0.0/okio-jvm-3.0.0.jar:/Users/Jaleela.FaizurRahman/.m2/repository/org/jetbrains/kotlin/kotlin-stdlib-common/1.5.31/kotlin-stdlib-common-1.5.31.jar:/Users/Jaleela.FaizurRahman/.m2/repository/org/jetbrains/kotlin/kotlin-stdlib/1.6.20/kotlin-stdlib-1.6.20.jar:/Users/Jaleela.FaizurRahman/.m2/repository/org/jetbrains/annotations/13.0/annotations-13.0.jar:/Users/Jaleela.FaizurRahman/.m2/repository/junit/junit/4.13.2/junit-4.13.2.jar:/Users/Jaleela.FaizurRahman/.m2/repository/org/hamcrest/hamcrest-core/1.3/hamcrest-core-1.3.jar:/Users/Jaleela.FaizurRahman/.m2/repository/org/mockito/mockito-inline/3.11.2/mockito-inline-3.11.2.jar:/Users/Jaleela.FaizurRahman/.m2/repository/org/mockito/mockito-core/3.11.2/mockito-core-3.11.2.jar:/Users/Jaleela.FaizurRahman/.m2/repository/net/bytebuddy/byte-buddy/1.11.3/byte-buddy-1.11.3.jar:/Users/Jaleela.FaizurRahman/.m2/repository/net/bytebuddy/byte-buddy-agent/1.11.3/byte-buddy-agent-1.11.3.jar:/Users/Jaleela.FaizurRahman/.m2/repository/org/objenesis/objenesis/3.2/objenesis-3.2.jar:/Users/Jaleela.FaizurRahman/.m2/repository/org/apache/logging/log4j/log4j-api/2.11.2/log4j-api-2.11.2.jar:/Users/Jaleela.FaizurRahman/.m2/repository/org/apache/logging/log4j/log4j-core/2.11.2/log4j-core-2.11.2.jar:/Users/Jaleela.FaizurRahman/.m2/repository/org/mule/connectors/mule-http-connector/1.7.3/mule-http-connector-1.7.3-mule-plugin.jar:/Users/Jaleela.FaizurRahman/.m2/repository/org/mule/connectors/mule-sockets-connector/1.2.2/mule-sockets-connector-1.2.2-mule-plugin.jar:/Users/Jaleela.FaizurRahman/.m2/repository/org/mule/sdk/mule-sdk-api/0.3.0/mule-sdk-api-0.3.0.jar:/Users/Jaleela.FaizurRahman/.m2/repository/commons-io/commons-io/2.11.0/commons-io-2.11.0.jar:/Users/Jaleela.FaizurRahman/.m2/repository/org/mule/modules/mule-module-cors-kernel/1.1.2/mule-module-cors-kernel-1.1.2.jar:/Users/Jaleela.FaizurRahman/.m2/repository/com/mulesoft/modules/mule-secure-configuration-property-module/1.2.5/mule-secure-configuration-property-module-1.2.5-mule-plugin.jar:/Users/Jaleela.FaizurRahman/.m2/repository/org/mule/mule-encryption/1.2.1/mule-encryption-1.2.1.jar:/Users/Jaleela.FaizurRahman/.m2/repository/org/mule/runtime/mule-module-service/4.1.1/mule-module-service-4.1.1.jar:/Users/Jaleela.FaizurRahman/.m2/repository/org/mule/runtime/mule-core/4.1.1/mule-core-4.1.1.jar:/Users/Jaleela.FaizurRahman/.m2/repository/org/mule/runtime/mule-api/1.1.1/mule-api-1.1.1.jar:/Users/Jaleela.FaizurRahman/.m2/repository/org/mule/runtime/mule-metadata-model-api/1.1.1/mule-metadata-model-api-1.1.1.jar:/Users/Jaleela.FaizurRahman/.m2/repository/org/slf4j/slf4j-api/1.7.25/slf4j-api-1.7.25.jar:/Users/Jaleela.FaizurRahman/.m2/repository/org/mule/runtime/mule-artifact-declaration/1.1.1/mule-artifact-declaration-1.1.1.jar:/Users/Jaleela.FaizurRahman/.m2/repository/org/mule/runtime/api-annotations/1.0.1/api-annotations-1.0.1.jar:/Users/Jaleela.FaizurRahman/.m2/repository/org/mule/runtime/mule-module-dsl-api/1.1.1/mule-module-dsl-api-1.1.1.jar:/Users/Jaleela.FaizurRahman/.m2/repository/org/mule/runtime/mule-extensions-api/1.1.1/mule-extensions-api-1.1.1.jar:/Users/Jaleela.FaizurRahman/.m2/repository/org/reactivestreams/reactive-streams/1.0.2/reactive-streams-1.0.2.jar:/Users/Jaleela.FaizurRahman/.m2/repository/org/mule/runtime/mule-module-http-policy-api/1.1.1/mule-module-http-policy-api-1.1.1.jar:/Users/Jaleela.FaizurRahman/.m2/repository/org/mule/runtime/mule-module-policy-api/1.1.1/mule-module-policy-api-1.1.1.jar:/Users/Jaleela.FaizurRahman/.m2/repository/org/mule/runtime/mule-metadata-model-xml/1.1.1/mule-metadata-model-xml-1.1.1.jar:/Users/Jaleela.FaizurRahman/.m2/repository/org/apache/xmlbeans/xmlbeans/2.6.0/xmlbeans-2.6.0.jar:/Users/Jaleela.FaizurRahman/.m2/repository/org/mule/apache/xerces2-xsd11/2.11.3/xerces2-xsd11-2.11.3.jar:/Users/Jaleela.FaizurRahman/.m2/repository/org/mule/runtime/mule-metadata-model-java/1.1.1/mule-metadata-model-java-1.1.1.jar:/Users/Jaleela.FaizurRahman/.m2/repository/org/mule/runtime/mule-message-metadata-model/1.1.1/mule-message-metadata-model-1.1.1.jar:/Users/Jaleela.FaizurRahman/.m2/repository/org/mule/runtime/mule-metadata-model-json/1.1.1/mule-metadata-model-json-1.1.1.jar:/Users/Jaleela.FaizurRahman/.m2/repository/org/everit/json/org.everit.json.schema/1.5.0/org.everit.json.schema-1.5.0.jar:/Users/Jaleela.FaizurRahman/.m2/repository/org/json/json/20160810/json-20160810.jar:/Users/Jaleela.FaizurRahman/.m2/repository/commons-validator/commons-validator/1.5.1/commons-validator-1.5.1.jar:/Users/Jaleela.FaizurRahman/.m2/repository/commons-digester/commons-digester/1.8.1/commons-digester-1.8.1.jar:/Users/Jaleela.FaizurRahman/.m2/repository/commons-logging/commons-logging/1.2/commons-logging-1.2.jar:/Users/Jaleela.FaizurRahman/.m2/repository/commons-beanutils/commons-beanutils/1.9.3/commons-beanutils-1.9.3.jar:/Users/Jaleela.FaizurRahman/.m2/repository/com/github/stephenc/eaio-uuid/uuid/3.4.0/uuid-3.4.0.jar:/Users/Jaleela.FaizurRahman/.m2/repository/com/github/stephenc/eaio-grabbag/grabbag/1.8.1/grabbag-1.8.1.jar:/Users/Jaleela.FaizurRahman/.m2/repository/commons-cli/commons-cli/1.2/commons-cli-1.2.jar:/Users/Jaleela.FaizurRahman/.m2/repository/commons-collections/commons-collections/3.2.2/commons-collections-3.2.2.jar:/Users/Jaleela.FaizurRahman/.m2/repository/commons-pool/commons-pool/1.6/commons-pool-1.6.jar:/Users/Jaleela.FaizurRahman/.m2/repository/javax/transaction/javax.transaction-api/1.2/javax.transaction-api-1.2.jar:/Users/Jaleela.FaizurRahman/.m2/repository/org/apache/geronimo/specs/geronimo-j2ee-connector_1.5_spec/2.0.0/geronimo-j2ee-connector_1.5_spec-2.0.0.jar:/Users/Jaleela.FaizurRahman/.m2/repository/javax/inject/javax.inject/1/javax.inject-1.jar:/Users/Jaleela.FaizurRahman/.m2/repository/org/mule/mvel/mule-mvel2/2.1.9-MULE-015/mule-mvel2-2.1.9-MULE-015.jar:/Users/Jaleela.FaizurRahman/.m2/repository/org/jgrapht/jgrapht-jdk1.5/0.7.3/jgrapht-jdk1.5-0.7.3.jar:/Users/Jaleela.FaizurRahman/.m2/repository/com/google/guava/guava/23.5-jre/guava-23.5-jre.jar:/Users/Jaleela.FaizurRahman/.m2/repository/org/checkerframework/checker-qual/2.0.0/checker-qual-2.0.0.jar:/Users/Jaleela.FaizurRahman/.m2/repository/com/google/errorprone/error_prone_annotations/2.0.18/error_prone_annotations-2.0.18.jar:/Users/Jaleela.FaizurRahman/.m2/repository/com/google/j2objc/j2objc-annotations/1.1/j2objc-annotations-1.1.jar:/Users/Jaleela.FaizurRahman/.m2/repository/org/codehaus/mojo/animal-sniffer-annotations/1.14/animal-sniffer-annotations-1.14.jar:/Users/Jaleela.FaizurRahman/.m2/repository/org/reflections/reflections/0.9.10/reflections-0.9.10.jar:/Users/Jaleela.FaizurRahman/.m2/repository/org/mule/projectreactor/reactor-core/3.2.0.M1-MULE-001/reactor-core-3.2.0.M1-MULE-001.jar:/Users/Jaleela.FaizurRahman/.m2/repository/io/projectreactor/addons/reactor-extra/3.1.2.RELEASE/reactor-extra-3.1.2.RELEASE.jar:/Users/Jaleela.FaizurRahman/.m2/repository/org/yaml/snakeyaml/1.18/snakeyaml-1.18.jar:/Users/Jaleela.FaizurRahman/.m2/repository/cglib/cglib-nodep/3.2.5/cglib-nodep-3.2.5.jar:/Users/Jaleela.FaizurRahman/.m2/repository/org/apache/commons/commons-pool2/2.5.0/commons-pool2-2.5.0.jar:/Users/Jaleela.FaizurRahman/.m2/repository/javax/jms/javax.jms-api/2.0.1/javax.jms-api-2.0.1.jar:/Users/Jaleela.FaizurRahman/.m2/repository/org/mule/runtime/mule-module-container/4.1.1/mule-module-container-4.1.1.jar:/Users/Jaleela.FaizurRahman/.m2/repository/org/mule/runtime/mule-module-artifact/4.1.1/mule-module-artifact-4.1.1.jar:/Users/Jaleela.FaizurRahman/.m2/repository/com/vdurmont/semver4j/2.0.3/semver4j-2.0.3.jar:/Users/Jaleela.FaizurRahman/.m2/repository/org/eclipse/aether/aether-util/1.0.2.v20150114/aether-util-1.0.2.v20150114.jar:/Users/Jaleela.FaizurRahman/.m2/repository/org/eclipse/aether/aether-api/1.0.2.v20150114/aether-api-1.0.2.v20150114.jar:/Users/Jaleela.FaizurRahman/.m2/repository/org/mule/runtime/mule-module-deployment-model/4.1.1/mule-module-deployment-model-4.1.1.jar:/Users/Jaleela.FaizurRahman/.m2/repository/org/mule/runtime/mule-module-reboot/4.1.1/mule-module-reboot-4.1.1.jar:/Users/Jaleela.FaizurRahman/.m2/repository/tanukisoft/wrapper/3.2.3/wrapper-3.2.3.jar:/Users/Jaleela.FaizurRahman/.m2/repository/org/mule/tools/maven/mule-classloader-model/3.1.1/mule-classloader-model-3.1.1.jar:"/>
    <property name="sun.cpu.endian" value="little"/>
    <property name="user.home" value="/Users/Jaleela.FaizurRahman"/>
    <property name="user.language" value="en"/>
    <property name="java.specification.vendor" value="Oracle Corporation"/>
    <property name="java.home" value="/Library/Java/JavaVirtualMachines/jdk-1.8.jdk/Contents/Home/jre"/>
    <property name="basedir" value="/Applications/ConjurMuleSoftConnectorLatest/conjur-mulesoft-connector"/>
    <property name="file.separator" value="/"/>
    <property name="line.separator" value="&#10;"/>
    <property name="java.vm.specification.vendor" value="Oracle Corporation"/>
    <property name="java.specification.name" value="Java Platform API Specification"/>
    <property name="java.awt.graphicsenv" value="sun.awt.CGraphicsEnvironment"/>
    <property name="surefire.real.class.path" value="/Applications/ConjurMuleSoftConnectorLatest/conjur-mulesoft-connector/target/surefire/surefirebooter580050341364956467.jar:/Users/Jaleela.FaizurRahman/.m2/repository/org/jacoco/org.jacoco.agent/0.8.5/org.jacoco.agent-0.8.5-runtime.jar"/>
    <property name="sun.boot.class.path" value="/Library/Java/JavaVirtualMachines/jdk-1.8.jdk/Contents/Home/jre/lib/resources.jar:/Library/Java/JavaVirtualMachines/jdk-1.8.jdk/Contents/Home/jre/lib/rt.jar:/Library/Java/JavaVirtualMachines/jdk-1.8.jdk/Contents/Home/jre/lib/jsse.jar:/Library/Java/JavaVirtualMachines/jdk-1.8.jdk/Contents/Home/jre/lib/jce.jar:/Library/Java/JavaVirtualMachines/jdk-1.8.jdk/Contents/Home/jre/lib/charsets.jar:/Library/Java/JavaVirtualMachines/jdk-1.8.jdk/Contents/Home/jre/lib/jfr.jar:/Library/Java/JavaVirtualMachines/jdk-1.8.jdk/Contents/Home/jre/classes"/>
    <property name="sun.management.compiler" value="HotSpot 64-Bit Tiered Compilers"/>
    <property name="java.runtime.version" value="1.8.0_371-b11"/>
    <property name="user.name" value="Jaleela.FaizurRahman"/>
    <property name="path.separator" value=":"/>
    <property name="os.version" value="13.5.1"/>
    <property name="java.endorsed.dirs" value="/Library/Java/JavaVirtualMachines/jdk-1.8.jdk/Contents/Home/jre/lib/endorsed"/>
    <property name="java.runtime.name" value="Java(TM) SE Runtime Environment"/>
    <property name="file.encoding" value="UTF-8"/>
    <property name="java.vm.name" value="Java HotSpot(TM) 64-Bit Server VM"/>
    <property name="localRepository" value="/Users/Jaleela.FaizurRahman/.m2/repository"/>
    <property name="java.vendor.url.bug" value="http://bugreport.sun.com/bugreport/"/>
    <property name="java.io.tmpdir" value="/var/folders/tm/s1d39hlx19j8snbw3dfb87ch0000gq/T/"/>
    <property name="java.version" value="1.8.0_371"/>
    <property name="user.dir" value="/Applications/ConjurMuleSoftConnectorLatest/conjur-mulesoft-connector"/>
    <property name="os.arch" value="x86_64"/>
    <property name="java.vm.specification.name" value="Java Virtual Machine Specification"/>
    <property name="java.awt.printerjob" value="sun.lwawt.macosx.CPrinterJob"/>
    <property name="sun.os.patch.level" value="unknown"/>
    <property name="java.library.path" value="/Users/Jaleela.FaizurRahman/Library/Java/Extensions:/Library/Java/Extensions:/Network/Library/Java/Extensions:/System/Library/Java/Extensions:/usr/lib/java:."/>
    <property name="java.vm.info" value="mixed mode"/>
    <property name="java.vendor" value="Oracle Corporation"/>
    <property name="java.vm.version" value="25.371-b11"/>
    <property name="java.specification.maintenance.version" value="4"/>
    <property name="java.ext.dirs" value="/Users/Jaleela.FaizurRahman/Library/Java/Extensions:/Library/Java/JavaVirtualMachines/jdk-1.8.jdk/Contents/Home/jre/lib/ext:/Library/Java/Extensions:/Network/Library/Java/Extensions:/System/Library/Java/Extensions:/usr/lib/java"/>
    <property name="sun.io.unicode.encoding" value="UnicodeBig"/>
    <property name="java.class.version" value="52.0"/>
  </properties>
  <testcase name="testRetrieveSecret" classname="com.cyberark.conjur.mulesoft.internal.ConjurMuleOperationsTest" time="0.07"/>
  <testcase name="testRetrieveException" classname="com.cyberark.conjur.mulesoft.internal.ConjurMuleOperationsTest" time="0.001"/>
  <testcase name="testSecret" classname="com.cyberark.conjur.mulesoft.internal.ConjurMuleOperationsTest" time="0.001"/>
  <testcase name="testConstructor" classname="com.cyberark.conjur.mulesoft.internal.ConjurMuleOperationsTest" time="0"/>
</testsuite>